Using pre-set license
Built from '2021.3/staging' branch; Version is '2021.3.20f1 (577897200b8b) revision 5732503'; Using compiler version '192829333'; Build Type 'Release'
OS: 'Windows 11  (10.0.22631) 64bit Professional' Language: 'zh' Physical Memory: 16157 MB
BatchMode: 1, IsHumanControllingUs: 0, StartBugReporterOnCrash: 0, Is64bit: 1, IsPro: 1

COMMAND LINE ARGUMENTS:
D:\unitydownload\2021.3.20f1\Editor\Unity.exe
-adb2
-batchMode
-noUpm
-name
AssetImportWorker3
-projectPath
D:/unitydownload/20240429/Udemy/2DRPGGame/2DRPGUdemyGame
-logFile
Logs/AssetImportWorker3.log
-srvPort
7325
Successfully changed project path to: D:/unitydownload/20240429/Udemy/2DRPGGame/2DRPGUdemyGame
D:/unitydownload/20240429/Udemy/2DRPGGame/2DRPGUdemyGame
[UnityMemory] Configuration Parameters - Can be set up in boot.config
    "memorysetup-bucket-allocator-granularity=16"
    "memorysetup-bucket-allocator-bucket-count=8"
    "memorysetup-bucket-allocator-block-size=33554432"
    "memorysetup-bucket-allocator-block-count=8"
    "memorysetup-main-allocator-block-size=16777216"
    "memorysetup-thread-allocator-block-size=16777216"
    "memorysetup-gfx-main-allocator-block-size=16777216"
    "memorysetup-gfx-thread-allocator-block-size=16777216"
    "memorysetup-cache-allocator-block-size=4194304"
    "memorysetup-typetree-allocator-block-size=2097152"
    "memorysetup-profiler-bucket-allocator-granularity=16"
    "memorysetup-profiler-bucket-allocator-bucket-count=8"
    "memorysetup-profiler-bucket-allocator-block-size=33554432"
    "memorysetup-profiler-bucket-allocator-block-count=8"
    "memorysetup-profiler-allocator-block-size=16777216"
    "memorysetup-profiler-editor-allocator-block-size=1048576"
    "memorysetup-temp-allocator-size-main=16777216"
    "memorysetup-job-temp-allocator-block-size=2097152"
    "memorysetup-job-temp-allocator-block-size-background=1048576"
    "memorysetup-job-temp-allocator-reduction-small-platforms=262144"
    "memorysetup-temp-allocator-size-background-worker=32768"
    "memorysetup-temp-allocator-size-job-worker=262144"
    "memorysetup-temp-allocator-size-preload-manager=33554432"
    "memorysetup-temp-allocator-size-nav-mesh-worker=65536"
    "memorysetup-temp-allocator-size-audio-worker=65536"
    "memorysetup-temp-allocator-size-cloud-worker=32768"
    "memorysetup-temp-allocator-size-gi-baking-worker=262144"
    "memorysetup-temp-allocator-size-gfx=262144"
Player connection [19684] Host "[IP] 25.18.146.249 [Port] 0 [Flags] 2 [Guid] 2915911569 [EditorId] 2915911569 [Version] 1048832 [Id] WindowsEditor(7,DESKTOP-CQ1AACS) [Debug] 1 [PackageName] WindowsEditor [ProjectName] Editor" joined multi-casting on [225.0.0.222:54997]...

Player connection [19684] Host "[IP] 25.18.146.249 [Port] 0 [Flags] 2 [Guid] 2915911569 [EditorId] 2915911569 [Version] 1048832 [Id] WindowsEditor(7,DESKTOP-CQ1AACS) [Debug] 1 [PackageName] WindowsEditor [ProjectName] Editor" joined alternative multi-casting on [225.0.0.222:34997]...

Refreshing native plugins compatible for Editor in 67.29 ms, found 4 plugins.
Preloading 0 native plugins for Editor in 0.00 ms.
Initialize engine version: 2021.3.20f1 (577897200b8b)
[Subsystems] Discovering subsystems at path D:/unitydownload/2021.3.20f1/Editor/Data/Resources/UnitySubsystems
[Subsystems] Discovering subsystems at path D:/unitydownload/20240429/Udemy/2DRPGGame/2DRPGUdemyGame/Assets
GfxDevice: creating device client; threaded=0; jobified=0
Direct3D:
    Version:  Direct3D 11.0 [level 11.1]
    Renderer: NVIDIA GeForce RTX 3060 (ID=0x2504)
    Vendor:   NVIDIA
    VRAM:     12115 MB
    Driver:   31.0.15.5222
Initialize mono
Mono path[0] = 'D:/unitydownload/2021.3.20f1/Editor/Data/Managed'
Mono path[1] = 'D:/unitydownload/2021.3.20f1/Editor/Data/MonoBleedingEdge/lib/mono/unityjit-win32'
Mono config path = 'D:/unitydownload/2021.3.20f1/Editor/Data/MonoBleedingEdge/etc'
Using monoOptions --debugger-agent=transport=dt_socket,embedding=1,server=y,suspend=n,address=127.0.0.1:56396
Begin MonoManager ReloadAssembly
Registering precompiled unity dll's ...
Register platform support module: D:/unitydownload/2021.3.20f1/Editor/Data/PlaybackEngines/WebGLSupport/UnityEditor.WebGL.Extensions.dll
Register platform support module: D:/unitydownload/2021.3.20f1/Editor/Data/PlaybackEngines/WindowsStandaloneSupport/UnityEditor.WindowsStandalone.Extensions.dll
Registered in 0.001516 seconds.
Native extension for WindowsStandalone target not found
Native extension for WebGL target not found
Refreshing native plugins compatible for Editor in 54.35 ms, found 4 plugins.
Preloading 0 native plugins for Editor in 0.00 ms.
Mono: successfully reloaded assembly
- Completed reload, in  0.393 seconds
Domain Reload Profiling:
	ReloadAssembly (394ms)
		BeginReloadAssembly (59ms)
			ExecutionOrderSort (0ms)
			DisableScriptedObjects (0ms)
			BackupInstance (0ms)
			ReleaseScriptingObjects (0ms)
			CreateAndSetChildDomain (1ms)
		EndReloadAssembly (280ms)
			LoadAssemblies (57ms)
			RebuildTransferFunctionScriptingTraits (0ms)
			SetupTypeCache (66ms)
			ReleaseScriptCaches (0ms)
			RebuildScriptCaches (17ms)
			SetupLoadedEditorAssemblies (167ms)
				LogAssemblyErrors (0ms)
				InitializePlatformSupportModulesInManaged (5ms)
				SetLoadedEditorAssemblies (0ms)
				RefreshPlugins (54ms)
				BeforeProcessingInitializeOnLoad (1ms)
				ProcessInitializeOnLoadAttributes (80ms)
				ProcessInitializeOnLoadMethodAttributes (27ms)
				AfterProcessingInitializeOnLoad (0ms)
				EditorAssembliesLoaded (0ms)
			ExecutionOrderSort2 (0ms)
			AwakeInstancesAfterBackupRestoration (0ms)
Platform modules already initialized, skipping
Registering precompiled user dll's ...
Registered in 0.002255 seconds.
Begin MonoManager ReloadAssembly
Symbol file LoadedFromMemory doesn't match image D:\unitydownload\20240429\Udemy\2DRPGGame\2DRPGUdemyGame\Library\PackageCache\com.unity.visualscripting@1.8.0\Editor\VisualScripting.Core\Dependencies\YamlDotNet\Unity.VisualScripting.YamlDotNet.dll
Symbol file LoadedFromMemory doesn't match image D:\unitydownload\20240429\Udemy\2DRPGGame\2DRPGUdemyGame\Library\PackageCache\com.unity.visualscripting@1.8.0\Editor\VisualScripting.Core\Dependencies\DotNetZip\Unity.VisualScripting.IonicZip.dll
Native extension for WindowsStandalone target not found
Native extension for WebGL target not found
Refreshing native plugins compatible for Editor in 69.84 ms, found 4 plugins.
Preloading 0 native plugins for Editor in 0.00 ms.
Mono: successfully reloaded assembly
- Completed reload, in  0.821 seconds
Domain Reload Profiling:
	ReloadAssembly (822ms)
		BeginReloadAssembly (74ms)
			ExecutionOrderSort (0ms)
			DisableScriptedObjects (3ms)
			BackupInstance (0ms)
			ReleaseScriptingObjects (0ms)
			CreateAndSetChildDomain (12ms)
		EndReloadAssembly (659ms)
			LoadAssemblies (77ms)
			RebuildTransferFunctionScriptingTraits (0ms)
			SetupTypeCache (201ms)
			ReleaseScriptCaches (0ms)
			RebuildScriptCaches (34ms)
			SetupLoadedEditorAssemblies (312ms)
				LogAssemblyErrors (0ms)
				InitializePlatformSupportModulesInManaged (3ms)
				SetLoadedEditorAssemblies (0ms)
				RefreshPlugins (70ms)
				BeforeProcessingInitializeOnLoad (56ms)
				ProcessInitializeOnLoadAttributes (149ms)
				ProcessInitializeOnLoadMethodAttributes (32ms)
				AfterProcessingInitializeOnLoad (2ms)
				EditorAssembliesLoaded (0ms)
			ExecutionOrderSort2 (0ms)
			AwakeInstancesAfterBackupRestoration (6ms)
Platform modules already initialized, skipping
========================================================================
Worker process is ready to serve import requests
Launched and connected shader compiler UnityShaderCompiler.exe after 0.03 seconds
Refreshing native plugins compatible for Editor in 0.49 ms, found 4 plugins.
Preloading 0 native plugins for Editor in 0.00 ms.
Unloading 3747 Unused Serialized files (Serialized files now loaded: 0)
Unloading 35 unused Assets / (56.1 KB). Loaded Objects now: 4206.
Memory consumption went from 142.9 MB to 142.8 MB.
Total: 2.387500 ms (FindLiveObjects: 0.279600 ms CreateObjectMapping: 0.094500 ms MarkObjects: 1.915800 ms  DeleteObjects: 0.096600 ms)

AssetImportParameters requested are different than current active one (requested -> active):
  custom:video-decoder-ogg-theora: a1e56fd34408186e4bbccfd4996cb3dc -> 
  custom:container-muxer-webm: aa71ff27fc2769a1b78a27578f13a17b -> 
  custom:container-demuxer-webm: 4f35f7cbe854078d1ac9338744f61a02 -> 
  custom:video-encoder-webm-vp8: eb34c28f22e8b96e1ab97ce403110664 -> 
  custom:audio-encoder-webm-vorbis: bf7c407c2cedff20999df2af8eb42d56 -> 
  custom:framework-win-MediaFoundation: 216162199b28c13a410421893ffa2e32 -> 
  custom:container-demuxer-ogg: 62fdf1f143b41e24485cea50d1cbac27 -> 
  custom:video-decoder-webm-vp8: 9c59270c3fd7afecdb556c50c9e8de78 -> 
  custom:audio-decoder-ogg-vorbis: bf7c407c2cedff20999df2af8eb42d56 -> 
========================================================================
Received Import Request.
  Time since last request: 35119.237376 seconds.
  path: Assets/Graphics/Surroundings/Medieval_Castle/Tiles/floor_tile_carpet_transition_1.png
  artifactKey: Guid(d596ca9ad1650574d94dfe28b7f56db2) Importer(815301076,1909f56bfc062723c751e8b465ee728b)
Start importing Assets/Graphics/Surroundings/Medieval_Castle/Tiles/floor_tile_carpet_transition_1.png using Guid(d596ca9ad1650574d94dfe28b7f56db2) Importer(815301076,1909f56bfc062723c751e8b465ee728b)  -> (artifact id: '3b5b9299295e1a4649e02c1c9ed806c8') in 0.127867 seconds 
========================================================================
Received Import Request.
  Time since last request: 0.000027 seconds.
  path: Assets/Graphics/Surroundings/Medieval_Castle/Tiles/floor_wood_2.png
  artifactKey: Guid(b6964c0e0dc1ba84c8cfb275f3ca3071) Importer(815301076,1909f56bfc062723c751e8b465ee728b)
Start importing Assets/Graphics/Surroundings/Medieval_Castle/Tiles/floor_wood_2.png using Guid(b6964c0e0dc1ba84c8cfb275f3ca3071) Importer(815301076,1909f56bfc062723c751e8b465ee728b)  -> (artifact id: '0ea199e2e24827dff171f3b8cba3d55a') in 0.019768 seconds 
========================================================================
Received Import Request.
  Time since last request: 0.000040 seconds.
  path: Assets/Graphics/Surroundings/Medieval_Castle/Tiles/floor_tile_wood_transition_1.png
  artifactKey: Guid(c660dbe07f0c56942af9e856a7cf802c) Importer(815301076,1909f56bfc062723c751e8b465ee728b)
Start importing Assets/Graphics/Surroundings/Medieval_Castle/Tiles/floor_tile_wood_transition_1.png using Guid(c660dbe07f0c56942af9e856a7cf802c) Importer(815301076,1909f56bfc062723c751e8b465ee728b)  -> (artifact id: '9f9b3ef94deee293fd69cd12c55701ab') in 0.024618 seconds 
========================================================================
Received Import Request.
  Time since last request: 0.000028 seconds.
  path: Assets/Graphics/Surroundings/Medieval_Castle/Tiles/floor_tile_wood_carpet_transition_1.png
  artifactKey: Guid(63899952d16801348a1883f8cb1fd45e) Importer(815301076,1909f56bfc062723c751e8b465ee728b)
Start importing Assets/Graphics/Surroundings/Medieval_Castle/Tiles/floor_tile_wood_carpet_transition_1.png using Guid(63899952d16801348a1883f8cb1fd45e) Importer(815301076,1909f56bfc062723c751e8b465ee728b)  -> (artifact id: 'e28676c7eb68e688a085d6d71d6ca35b') in 0.021499 seconds 
========================================================================
Received Import Request.
  Time since last request: 0.000032 seconds.
  path: Assets/Graphics/Surroundings/Medieval_Castle/Tiles/floor_wood_carpet_1.png
  artifactKey: Guid(1d49ea0bb4e92f64ea7d550b0b5b40c9) Importer(815301076,1909f56bfc062723c751e8b465ee728b)
Start importing Assets/Graphics/Surroundings/Medieval_Castle/Tiles/floor_wood_carpet_1.png using Guid(1d49ea0bb4e92f64ea7d550b0b5b40c9) Importer(815301076,1909f56bfc062723c751e8b465ee728b)  -> (artifact id: '7d79a7e56f5ca552938d2268b9ff23d2') in 0.020370 seconds 
========================================================================
Received Import Request.
  Time since last request: 0.000017 seconds.
  path: Assets/Graphics/Surroundings/Medieval_Castle/Tiles/floor_tile_corner_right.png
  artifactKey: Guid(8bcda0a82f1b8e544b0c8fc5454e9768) Importer(815301076,1909f56bfc062723c751e8b465ee728b)
Start importing Assets/Graphics/Surroundings/Medieval_Castle/Tiles/floor_tile_corner_right.png using Guid(8bcda0a82f1b8e544b0c8fc5454e9768) Importer(815301076,1909f56bfc062723c751e8b465ee728b)  -> (artifact id: '3ef55c8054f978ee36c4e7858df33e06') in 0.019797 seconds 
========================================================================
Received Import Request.
  Time since last request: 0.000025 seconds.
  path: Assets/Graphics/Surroundings/Medieval_Castle/Tiles/floor_wood_carpet_corner_right.png
  artifactKey: Guid(09d057c432179ab418c91313ce991ddd) Importer(815301076,1909f56bfc062723c751e8b465ee728b)
Start importing Assets/Graphics/Surroundings/Medieval_Castle/Tiles/floor_wood_carpet_corner_right.png using Guid(09d057c432179ab418c91313ce991ddd) Importer(815301076,1909f56bfc062723c751e8b465ee728b)  -> (artifact id: 'a3f6f4e9d6c80f6830eb95d0414882b6') in 0.028695 seconds 
========================================================================
Received Import Request.
  Time since last request: 0.000035 seconds.
  path: Assets/Graphics/Surroundings/Medieval_Castle/Tiles/floor_wood_carpet_transition_1.png
  artifactKey: Guid(9e805890de974c64aa3dd2e32a3618db) Importer(815301076,1909f56bfc062723c751e8b465ee728b)
Start importing Assets/Graphics/Surroundings/Medieval_Castle/Tiles/floor_wood_carpet_transition_1.png using Guid(9e805890de974c64aa3dd2e32a3618db) Importer(815301076,1909f56bfc062723c751e8b465ee728b)  -> (artifact id: 'f5605c9dae490a12f09b83d881e250bd') in 0.024773 seconds 
========================================================================
Received Import Request.
  Time since last request: 0.000033 seconds.
  path: Assets/Graphics/Surroundings/Medieval_Castle/Tiles/floor_wood_corner_right.png
  artifactKey: Guid(8b4bf8446429a0c4a93c889afb76094b) Importer(815301076,1909f56bfc062723c751e8b465ee728b)
Start importing Assets/Graphics/Surroundings/Medieval_Castle/Tiles/floor_wood_corner_right.png using Guid(8b4bf8446429a0c4a93c889afb76094b) Importer(815301076,1909f56bfc062723c751e8b465ee728b)  -> (artifact id: '7f98e885c04823de77de86ada9899ec1') in 0.028152 seconds 
========================================================================
Received Import Request.
  Time since last request: 0.000095 seconds.
  path: Assets/Graphics/Surroundings/Medieval_Castle/Tiles/lion_column_4.png
  artifactKey: Guid(78c2bd7a0d13e5649802575cbf4dcae9) Importer(815301076,1909f56bfc062723c751e8b465ee728b)
Start importing Assets/Graphics/Surroundings/Medieval_Castle/Tiles/lion_column_4.png using Guid(78c2bd7a0d13e5649802575cbf4dcae9) Importer(815301076,1909f56bfc062723c751e8b465ee728b)  -> (artifact id: '0d52f46d5b5c26ac6147e3c998ae0eef') in 0.034154 seconds 
========================================================================
Received Import Request.
  Time since last request: 0.000028 seconds.
  path: Assets/Graphics/Surroundings/Medieval_Castle/Tiles/floor_wood_corner_left.png
  artifactKey: Guid(bbb3f82ac9f6fda4683faf12e2d73d43) Importer(815301076,1909f56bfc062723c751e8b465ee728b)
Start importing Assets/Graphics/Surroundings/Medieval_Castle/Tiles/floor_wood_corner_left.png using Guid(bbb3f82ac9f6fda4683faf12e2d73d43) Importer(815301076,1909f56bfc062723c751e8b465ee728b)  -> (artifact id: '2ea06d3448e990f74393a0079566c9b0') in 0.029241 seconds 
========================================================================
Received Import Request.
  Time since last request: 0.000029 seconds.
  path: Assets/Graphics/Surroundings/Medieval_Castle/Tiles/floor_wood_carpet_4.png
  artifactKey: Guid(838e285c495df804797a20a6d6d966fe) Importer(815301076,1909f56bfc062723c751e8b465ee728b)
Start importing Assets/Graphics/Surroundings/Medieval_Castle/Tiles/floor_wood_carpet_4.png using Guid(838e285c495df804797a20a6d6d966fe) Importer(815301076,1909f56bfc062723c751e8b465ee728b)  -> (artifact id: '6fd61e37da04568ab9f597912ae1602c') in 0.021452 seconds 
========================================================================
Received Import Request.
  Time since last request: 0.008530 seconds.
  path: Assets/Graphics/Surroundings/Medieval_Castle/Tiles/lion_column_5.png
  artifactKey: Guid(734cff3d334c21d4fb05bde8ecd88af2) Importer(815301076,1909f56bfc062723c751e8b465ee728b)
Start importing Assets/Graphics/Surroundings/Medieval_Castle/Tiles/lion_column_5.png using Guid(734cff3d334c21d4fb05bde8ecd88af2) Importer(815301076,1909f56bfc062723c751e8b465ee728b)  -> (artifact id: 'b85f6ebf52f4dd56dbbe8690bfc48cbe') in 0.022035 seconds 
========================================================================
Received Import Request.
  Time since last request: 0.000034 seconds.
  path: Assets/Graphics/Surroundings/Medieval_Castle/Tiles/lion_column_6.png
  artifactKey: Guid(57681defe31da3747a502846191f9c82) Importer(815301076,1909f56bfc062723c751e8b465ee728b)
Start importing Assets/Graphics/Surroundings/Medieval_Castle/Tiles/lion_column_6.png using Guid(57681defe31da3747a502846191f9c82) Importer(815301076,1909f56bfc062723c751e8b465ee728b)  -> (artifact id: '789579c14da5f3e6fb9be830e95290d4') in 0.023967 seconds 
========================================================================
Received Import Request.
  Time since last request: 0.000036 seconds.
  path: Assets/Graphics/Surroundings/Medieval_Castle/Tiles/lion_column_10.png
  artifactKey: Guid(e5aebf0fa27829942b58bc10749dec4c) Importer(815301076,1909f56bfc062723c751e8b465ee728b)
Start importing Assets/Graphics/Surroundings/Medieval_Castle/Tiles/lion_column_10.png using Guid(e5aebf0fa27829942b58bc10749dec4c) Importer(815301076,1909f56bfc062723c751e8b465ee728b)  -> (artifact id: '2c33a845a61391a2a469b002d34b6dbc') in 0.025268 seconds 
========================================================================
Received Import Request.
  Time since last request: 0.000043 seconds.
  path: Assets/Graphics/Surroundings/Medieval_Castle/Tiles/lion_column_12.png
  artifactKey: Guid(cfd815d94d108c043a65641ac099daf8) Importer(815301076,1909f56bfc062723c751e8b465ee728b)
Start importing Assets/Graphics/Surroundings/Medieval_Castle/Tiles/lion_column_12.png using Guid(cfd815d94d108c043a65641ac099daf8) Importer(815301076,1909f56bfc062723c751e8b465ee728b)  -> (artifact id: '81ee4a8de328610deef9f1f5492daa71') in 0.027035 seconds 
========================================================================
Received Import Request.
  Time since last request: 0.000035 seconds.
  path: Assets/Graphics/Surroundings/Medieval_Castle/Tiles/merlons_1.png
  artifactKey: Guid(84bfb29c52247e5499705bcc37ba6e86) Importer(815301076,1909f56bfc062723c751e8b465ee728b)
Start importing Assets/Graphics/Surroundings/Medieval_Castle/Tiles/merlons_1.png using Guid(84bfb29c52247e5499705bcc37ba6e86) Importer(815301076,1909f56bfc062723c751e8b465ee728b)  -> (artifact id: 'bb160175a37fb5e6f58e280715e46cfe') in 0.075897 seconds 
========================================================================
Received Import Request.
  Time since last request: 0.015718 seconds.
  path: Assets/Graphics/Surroundings/Medieval_Castle/Tiles/merlons_3.png
  artifactKey: Guid(842630091d3f800468dc265605bcefe4) Importer(815301076,1909f56bfc062723c751e8b465ee728b)
Start importing Assets/Graphics/Surroundings/Medieval_Castle/Tiles/merlons_3.png using Guid(842630091d3f800468dc265605bcefe4) Importer(815301076,1909f56bfc062723c751e8b465ee728b)  -> (artifact id: 'c8e5acee302a7411b613b46463695437') in 0.020233 seconds 
========================================================================
Received Import Request.
  Time since last request: 0.000022 seconds.
  path: Assets/Graphics/Surroundings/Medieval_Castle/Tiles/merlons_4.png
  artifactKey: Guid(d99d13a77fcedbc4e8d5739816d1fb3f) Importer(815301076,1909f56bfc062723c751e8b465ee728b)
Start importing Assets/Graphics/Surroundings/Medieval_Castle/Tiles/merlons_4.png using Guid(d99d13a77fcedbc4e8d5739816d1fb3f) Importer(815301076,1909f56bfc062723c751e8b465ee728b)  -> (artifact id: '0df3a6d5ea34c812f2e2125a5bd3d273') in 0.019993 seconds 
========================================================================
Received Import Request.
  Time since last request: 0.000023 seconds.
  path: Assets/Graphics/Surroundings/Medieval_Castle/Tiles/platform_1.png
  artifactKey: Guid(67ef20fa1b2819940a8aa379817f475b) Importer(815301076,1909f56bfc062723c751e8b465ee728b)
Start importing Assets/Graphics/Surroundings/Medieval_Castle/Tiles/platform_1.png using Guid(67ef20fa1b2819940a8aa379817f475b) Importer(815301076,1909f56bfc062723c751e8b465ee728b)  -> (artifact id: '0dc2f4bf4e1e77b4f48bbbb746ff1a5b') in 0.018640 seconds 
========================================================================
Received Import Request.
  Time since last request: 0.094649 seconds.
  path: Assets/Graphics/Surroundings/Medieval_Castle/Tiles/platform_4.png
  artifactKey: Guid(3f2c973f5a4eeab4a922450edf0e4fa7) Importer(815301076,1909f56bfc062723c751e8b465ee728b)
Start importing Assets/Graphics/Surroundings/Medieval_Castle/Tiles/platform_4.png using Guid(3f2c973f5a4eeab4a922450edf0e4fa7) Importer(815301076,1909f56bfc062723c751e8b465ee728b)  -> (artifact id: 'df40d292144ee0863b1c978becda3374') in 0.021321 seconds 
========================================================================
Received Import Request.
  Time since last request: 0.000039 seconds.
  path: Assets/Graphics/Surroundings/Medieval_Castle/Tiles/platform_shadow.png
  artifactKey: Guid(f2614a9e62edb374897f56c71ea00556) Importer(815301076,1909f56bfc062723c751e8b465ee728b)
Start importing Assets/Graphics/Surroundings/Medieval_Castle/Tiles/platform_shadow.png using Guid(f2614a9e62edb374897f56c71ea00556) Importer(815301076,1909f56bfc062723c751e8b465ee728b)  -> (artifact id: '4f1601abc4b3b50982fe26792c3c94b2') in 0.032685 seconds 
========================================================================
Received Import Request.
  Time since last request: 0.000050 seconds.
  path: Assets/Graphics/Surroundings/Medieval_Castle/Tiles/stairs_tile_1.png
  artifactKey: Guid(ad094d3ee32ace44abe1fdc7c1dc5a05) Importer(815301076,1909f56bfc062723c751e8b465ee728b)
Start importing Assets/Graphics/Surroundings/Medieval_Castle/Tiles/stairs_tile_1.png using Guid(ad094d3ee32ace44abe1fdc7c1dc5a05) Importer(815301076,1909f56bfc062723c751e8b465ee728b)  -> (artifact id: '8fda5c612ebbec8d7e486eb43c7e1bfa') in 0.021219 seconds 
========================================================================
Received Import Request.
  Time since last request: 0.000046 seconds.
  path: Assets/Graphics/Surroundings/Medieval_Castle/Tiles/stairs_tile_carpet_3.png
  artifactKey: Guid(c13ee4f2cfcb672419481974d412dc92) Importer(815301076,1909f56bfc062723c751e8b465ee728b)
Start importing Assets/Graphics/Surroundings/Medieval_Castle/Tiles/stairs_tile_carpet_3.png using Guid(c13ee4f2cfcb672419481974d412dc92) Importer(815301076,1909f56bfc062723c751e8b465ee728b)  -> (artifact id: 'a756501ff9b400caa7937266505efc73') in 0.020096 seconds 
========================================================================
Received Import Request.
  Time since last request: 0.000035 seconds.
  path: Assets/Graphics/Surroundings/Medieval_Castle/Tiles/stairs_tile_carpet_4.png
  artifactKey: Guid(144d3d24dd4ef564793252831ec72d2b) Importer(815301076,1909f56bfc062723c751e8b465ee728b)
Start importing Assets/Graphics/Surroundings/Medieval_Castle/Tiles/stairs_tile_carpet_4.png using Guid(144d3d24dd4ef564793252831ec72d2b) Importer(815301076,1909f56bfc062723c751e8b465ee728b)  -> (artifact id: 'f255a419217771d25a606a463f38ed92') in 0.022652 seconds 
========================================================================
Received Import Request.
  Time since last request: 0.000022 seconds.
  path: Assets/Graphics/Surroundings/Medieval_Castle/Tiles/platform_wall_connection_left.png
  artifactKey: Guid(30badb793e820c644accc11e19696f59) Importer(815301076,1909f56bfc062723c751e8b465ee728b)
Start importing Assets/Graphics/Surroundings/Medieval_Castle/Tiles/platform_wall_connection_left.png using Guid(30badb793e820c644accc11e19696f59) Importer(815301076,1909f56bfc062723c751e8b465ee728b)  -> (artifact id: '5aaa7e703c53ecbab0c66a84ac68b9c0') in 0.028783 seconds 
========================================================================
Received Import Request.
  Time since last request: 0.000033 seconds.
  path: Assets/Graphics/Surroundings/Medieval_Castle/Tiles/stairs_wood_1.png
  artifactKey: Guid(69413864cdebab24981ba2c6877aedcd) Importer(815301076,1909f56bfc062723c751e8b465ee728b)
Start importing Assets/Graphics/Surroundings/Medieval_Castle/Tiles/stairs_wood_1.png using Guid(69413864cdebab24981ba2c6877aedcd) Importer(815301076,1909f56bfc062723c751e8b465ee728b)  -> (artifact id: '238df49e3021d3132d317705beaf7139') in 0.021684 seconds 
========================================================================
Received Import Request.
  Time since last request: 0.000057 seconds.
  path: Assets/Graphics/Surroundings/Medieval_Castle/Tiles/spikes.png
  artifactKey: Guid(d59ae7618ef4d6d4db94191beb72bb4b) Importer(815301076,1909f56bfc062723c751e8b465ee728b)
Start importing Assets/Graphics/Surroundings/Medieval_Castle/Tiles/spikes.png using Guid(d59ae7618ef4d6d4db94191beb72bb4b) Importer(815301076,1909f56bfc062723c751e8b465ee728b)  -> (artifact id: 'dc034186255544c9e87aae2e06407486') in 0.018676 seconds 
========================================================================
Received Import Request.
  Time since last request: 0.001425 seconds.
  path: Assets/Graphics/Surroundings/Medieval_Castle/Tiles/stairs_wood_3.png
  artifactKey: Guid(5cc12d9812a5d024c841c0cfd0d8d4bf) Importer(815301076,1909f56bfc062723c751e8b465ee728b)
Start importing Assets/Graphics/Surroundings/Medieval_Castle/Tiles/stairs_wood_3.png using Guid(5cc12d9812a5d024c841c0cfd0d8d4bf) Importer(815301076,1909f56bfc062723c751e8b465ee728b)  -> (artifact id: '4f831d84f866547e538787d68d647753') in 0.020141 seconds 
========================================================================
Received Import Request.
  Time since last request: 0.000020 seconds.
  path: Assets/Graphics/Surroundings/Medieval_Castle/Tiles/stairs_wood_4.png
  artifactKey: Guid(8b6b9597c305a104bac2fc0952a4ff05) Importer(815301076,1909f56bfc062723c751e8b465ee728b)
Start importing Assets/Graphics/Surroundings/Medieval_Castle/Tiles/stairs_wood_4.png using Guid(8b6b9597c305a104bac2fc0952a4ff05) Importer(815301076,1909f56bfc062723c751e8b465ee728b)  -> (artifact id: '0419bb659f81a04185a1f70e3dfbf0ad') in 0.024533 seconds 
========================================================================
Received Import Request.
  Time since last request: 0.000030 seconds.
  path: Assets/Graphics/Surroundings/Medieval_Castle/Tiles/stairs_wood_carpet_2.png
  artifactKey: Guid(58c0cce462cd37e40a6109f634f63653) Importer(815301076,1909f56bfc062723c751e8b465ee728b)
Start importing Assets/Graphics/Surroundings/Medieval_Castle/Tiles/stairs_wood_carpet_2.png using Guid(58c0cce462cd37e40a6109f634f63653) Importer(815301076,1909f56bfc062723c751e8b465ee728b)  -> (artifact id: '96ba3809683db0b38fc555b21ffec0bc') in 0.023092 seconds 
========================================================================
Received Import Request.
  Time since last request: 0.004895 seconds.
  path: Assets/Graphics/Surroundings/Medieval_Castle/Tiles/stairs_wood_carpet_4.png
  artifactKey: Guid(86d59895e6840b84cb7295e1c7ed7cb5) Importer(815301076,1909f56bfc062723c751e8b465ee728b)
Start importing Assets/Graphics/Surroundings/Medieval_Castle/Tiles/stairs_wood_carpet_4.png using Guid(86d59895e6840b84cb7295e1c7ed7cb5) Importer(815301076,1909f56bfc062723c751e8b465ee728b)  -> (artifact id: '9a2ef4279e103ba31fe745466ea72b40') in 0.021804 seconds 
========================================================================
Received Import Request.
  Time since last request: 0.000035 seconds.
  path: Assets/Graphics/Surroundings/Medieval_Castle/Tiles/tile_side_right.png
  artifactKey: Guid(90d10d4ec25a7e54f9becdea0c8dfef1) Importer(815301076,1909f56bfc062723c751e8b465ee728b)
Start importing Assets/Graphics/Surroundings/Medieval_Castle/Tiles/tile_side_right.png using Guid(90d10d4ec25a7e54f9becdea0c8dfef1) Importer(815301076,1909f56bfc062723c751e8b465ee728b)  -> (artifact id: 'ed37ba0dd850e244c376c10dcf409997') in 0.021276 seconds 
========================================================================
Received Import Request.
  Time since last request: 0.057841 seconds.
  path: Assets/Graphics/Surroundings/Medieval_Castle/Tiles/wall_2.png
  artifactKey: Guid(1e9c76bb3db07ba4b8a626a9bda93021) Importer(815301076,1909f56bfc062723c751e8b465ee728b)
Start importing Assets/Graphics/Surroundings/Medieval_Castle/Tiles/wall_2.png using Guid(1e9c76bb3db07ba4b8a626a9bda93021) Importer(815301076,1909f56bfc062723c751e8b465ee728b)  -> (artifact id: 'a4fe9eb66c2f880550be24096eecd695') in 0.025073 seconds 
========================================================================
Received Import Request.
  Time since last request: 0.000035 seconds.
  path: Assets/Graphics/Surroundings/Medieval_Castle/Tiles/wall_4.png
  artifactKey: Guid(f316485197615cc42945d983a3466e4d) Importer(815301076,1909f56bfc062723c751e8b465ee728b)
Start importing Assets/Graphics/Surroundings/Medieval_Castle/Tiles/wall_4.png using Guid(f316485197615cc42945d983a3466e4d) Importer(815301076,1909f56bfc062723c751e8b465ee728b)  -> (artifact id: '80cd40e834719bcfe50483eb63e3cf53') in 0.025861 seconds 
========================================================================
Received Import Request.
  Time since last request: 0.000041 seconds.
  path: Assets/Graphics/Surroundings/Medieval_Castle/Tiles/wall_8.png
  artifactKey: Guid(33b6f47b14f904e48b546823a34a98ca) Importer(815301076,1909f56bfc062723c751e8b465ee728b)
Start importing Assets/Graphics/Surroundings/Medieval_Castle/Tiles/wall_8.png using Guid(33b6f47b14f904e48b546823a34a98ca) Importer(815301076,1909f56bfc062723c751e8b465ee728b)  -> (artifact id: 'daa96c6be774a4591494c9de6a212ca0') in 0.019484 seconds 
========================================================================
Received Import Request.
  Time since last request: 0.000017 seconds.
  path: Assets/Graphics/Surroundings/Medieval_Castle/Tiles/wall_5.png
  artifactKey: Guid(636d43db49409984bb6c26af74278d31) Importer(815301076,1909f56bfc062723c751e8b465ee728b)
Start importing Assets/Graphics/Surroundings/Medieval_Castle/Tiles/wall_5.png using Guid(636d43db49409984bb6c26af74278d31) Importer(815301076,1909f56bfc062723c751e8b465ee728b)  -> (artifact id: '7b2f2e7133722c9b2741f48ba7bca465') in 0.021929 seconds 
========================================================================
Received Import Request.
  Time since last request: 0.114144 seconds.
  path: Assets/Graphics/Surroundings/Medieval_Castle/Tiles/wall_11.png
  artifactKey: Guid(f3bee91161a72cb4fb40565ffee19c23) Importer(815301076,1909f56bfc062723c751e8b465ee728b)
Start importing Assets/Graphics/Surroundings/Medieval_Castle/Tiles/wall_11.png using Guid(f3bee91161a72cb4fb40565ffee19c23) Importer(815301076,1909f56bfc062723c751e8b465ee728b)  -> (artifact id: '1e2317d22d70d46c6627f774718bf4d0') in 0.030192 seconds 
========================================================================
Received Import Request.
  Time since last request: 0.000027 seconds.
  path: Assets/Graphics/Surroundings/Medieval_Castle/Tiles/window_big_3.png
  artifactKey: Guid(8d0175973985d104dad9533e6d06c4bf) Importer(815301076,1909f56bfc062723c751e8b465ee728b)
Start importing Assets/Graphics/Surroundings/Medieval_Castle/Tiles/window_big_3.png using Guid(8d0175973985d104dad9533e6d06c4bf) Importer(815301076,1909f56bfc062723c751e8b465ee728b)  -> (artifact id: '16755de832078e1c9ce19209f99ade67') in 0.050300 seconds 
========================================================================
Received Import Request.
  Time since last request: 0.000037 seconds.
  path: Assets/Graphics/Surroundings/Medieval_Castle/Tiles/wall_12.png
  artifactKey: Guid(195911c3c871b9a49a944045d6d49bee) Importer(815301076,1909f56bfc062723c751e8b465ee728b)
Start importing Assets/Graphics/Surroundings/Medieval_Castle/Tiles/wall_12.png using Guid(195911c3c871b9a49a944045d6d49bee) Importer(815301076,1909f56bfc062723c751e8b465ee728b)  -> (artifact id: '69560eb18c71d92208872def28fa3a89') in 0.030089 seconds 
========================================================================
Received Import Request.
  Time since last request: 0.000048 seconds.
  path: Assets/Graphics/Surroundings/Medieval_Castle/Tiles/window_glass_2.png
  artifactKey: Guid(4ff9d0a2ce1f0ab4b8313491e636a5a2) Importer(815301076,1909f56bfc062723c751e8b465ee728b)
Start importing Assets/Graphics/Surroundings/Medieval_Castle/Tiles/window_glass_2.png using Guid(4ff9d0a2ce1f0ab4b8313491e636a5a2) Importer(815301076,1909f56bfc062723c751e8b465ee728b)  -> (artifact id: 'b5c4a4becbbb2c00b3b0b0a18bf5aba4') in 0.020917 seconds 
========================================================================
Received Import Request.
  Time since last request: 0.000025 seconds.
  path: Assets/Graphics/Surroundings/Medieval_Castle/Tiles/window_big_2.png
  artifactKey: Guid(c2766a89a431b95418d630f5d8296400) Importer(815301076,1909f56bfc062723c751e8b465ee728b)
Start importing Assets/Graphics/Surroundings/Medieval_Castle/Tiles/window_big_2.png using Guid(c2766a89a431b95418d630f5d8296400) Importer(815301076,1909f56bfc062723c751e8b465ee728b)  -> (artifact id: 'bd12ab7f5a60955731e497db2aef3d65') in 0.022237 seconds 
========================================================================
Received Import Request.
  Time since last request: 0.000042 seconds.
  path: Assets/Graphics/Surroundings/Medieval_Castle/Tiles/window_big_5.png
  artifactKey: Guid(84a154988fd18bf419241ccacb7417d0) Importer(815301076,1909f56bfc062723c751e8b465ee728b)
Start importing Assets/Graphics/Surroundings/Medieval_Castle/Tiles/window_big_5.png using Guid(84a154988fd18bf419241ccacb7417d0) Importer(815301076,1909f56bfc062723c751e8b465ee728b)  -> (artifact id: '13f959d19d88458f66deafac70d99fb9') in 0.021165 seconds 
========================================================================
Received Import Request.
  Time since last request: 0.000024 seconds.
  path: Assets/Graphics/Surroundings/Medieval_Castle/Tiles/wall_14.png
  artifactKey: Guid(27a25f5948ee593419ccf3e45cfaea6f) Importer(815301076,1909f56bfc062723c751e8b465ee728b)
Start importing Assets/Graphics/Surroundings/Medieval_Castle/Tiles/wall_14.png using Guid(27a25f5948ee593419ccf3e45cfaea6f) Importer(815301076,1909f56bfc062723c751e8b465ee728b)  -> (artifact id: '26684dd67b07bf412c2984c0145c7fc6') in 0.024898 seconds 
========================================================================
Received Import Request.
  Time since last request: 0.000023 seconds.
  path: Assets/Graphics/Surroundings/Medieval_Castle/Tiles/wall_15.png
  artifactKey: Guid(2581d9a46582c764498abddb9c8efccb) Importer(815301076,1909f56bfc062723c751e8b465ee728b)
Start importing Assets/Graphics/Surroundings/Medieval_Castle/Tiles/wall_15.png using Guid(2581d9a46582c764498abddb9c8efccb) Importer(815301076,1909f56bfc062723c751e8b465ee728b)  -> (artifact id: 'dc73009127c8eee54954dd20f14c505c') in 0.024019 seconds 
========================================================================
Received Import Request.
  Time since last request: 0.000082 seconds.
  path: Assets/Graphics/Surroundings/Medieval_Castle/Tiles/window_glass_tall_2.png
  artifactKey: Guid(3d37671fca8981043bd3b568ead09e5b) Importer(815301076,1909f56bfc062723c751e8b465ee728b)
Start importing Assets/Graphics/Surroundings/Medieval_Castle/Tiles/window_glass_tall_2.png using Guid(3d37671fca8981043bd3b568ead09e5b) Importer(815301076,1909f56bfc062723c751e8b465ee728b)  -> (artifact id: '824fa759cb360c2bc690af46455a7ad6') in 0.023864 seconds 
========================================================================
Received Import Request.
  Time since last request: 0.000037 seconds.
  path: Assets/Graphics/Surroundings/Medieval_Castle/Tiles/window_tall_2.png
  artifactKey: Guid(5ce93ac0a2d1f1b46b402b62a1ceb694) Importer(815301076,1909f56bfc062723c751e8b465ee728b)
Start importing Assets/Graphics/Surroundings/Medieval_Castle/Tiles/window_tall_2.png using Guid(5ce93ac0a2d1f1b46b402b62a1ceb694) Importer(815301076,1909f56bfc062723c751e8b465ee728b)  -> (artifact id: '87145e9ec76c6e472443660c7f3d87c6') in 0.020959 seconds 
========================================================================
Received Import Request.
  Time since last request: 0.000024 seconds.
  path: Assets/Graphics/Surroundings/Medieval_Castle/Tiles/window_tall_3.png
  artifactKey: Guid(a8b8b2581017cf446ad8ea93c6df98bd) Importer(815301076,1909f56bfc062723c751e8b465ee728b)
Start importing Assets/Graphics/Surroundings/Medieval_Castle/Tiles/window_tall_3.png using Guid(a8b8b2581017cf446ad8ea93c6df98bd) Importer(815301076,1909f56bfc062723c751e8b465ee728b)  -> (artifact id: '01925b6739315ee7530ecb3ad73c6f10') in 0.019112 seconds 
========================================================================
Received Import Request.
  Time since last request: 0.000024 seconds.
  path: Assets/Graphics/Surroundings/Medieval_Castle/Tiles/window_big_4.png
  artifactKey: Guid(a803e9b186e1f9e489029e2e75b281ff) Importer(815301076,1909f56bfc062723c751e8b465ee728b)
Start importing Assets/Graphics/Surroundings/Medieval_Castle/Tiles/window_big_4.png using Guid(a803e9b186e1f9e489029e2e75b281ff) Importer(815301076,1909f56bfc062723c751e8b465ee728b)  -> (artifact id: 'e2b6a270b5abd04e9b179a841d0b1507') in 0.021273 seconds 
Editor requested this worker to shutdown with reason: Scaling down because of idle timeout
AssetImportWorkerClient::OnTransportError - code=2 error=End of file
AssetImportWorker is now disconnected from the server
Process exiting
Exiting without the bug reporter. Application will terminate with return code 0