Using pre-set license
Built from '2021.3/staging' branch; Version is '2021.3.20f1 (577897200b8b) revision 5732503'; Using compiler version '192829333'; Build Type 'Release'
OS: 'Windows 11  (10.0.22631) 64bit Professional' Language: 'zh' Physical Memory: 16157 MB
BatchMode: 1, IsHumanControllingUs: 0, StartBugReporterOnCrash: 0, Is64bit: 1, IsPro: 1

COMMAND LINE ARGUMENTS:
D:\unitydownload\2021.3.20f1\Editor\Unity.exe
-adb2
-batchMode
-noUpm
-name
AssetImportWorker2
-projectPath
D:/unitydownload/20240429/Udemy/2DRPGGame/2DRPGUdemyGame
-logFile
Logs/AssetImportWorker2.log
-srvPort
7325
Successfully changed project path to: D:/unitydownload/20240429/Udemy/2DRPGGame/2DRPGUdemyGame
D:/unitydownload/20240429/Udemy/2DRPGGame/2DRPGUdemyGame
[UnityMemory] Configuration Parameters - Can be set up in boot.config
    "memorysetup-bucket-allocator-granularity=16"
    "memorysetup-bucket-allocator-bucket-count=8"
    "memorysetup-bucket-allocator-block-size=33554432"
    "memorysetup-bucket-allocator-block-count=8"
    "memorysetup-main-allocator-block-size=16777216"
    "memorysetup-thread-allocator-block-size=16777216"
    "memorysetup-gfx-main-allocator-block-size=16777216"
    "memorysetup-gfx-thread-allocator-block-size=16777216"
    "memorysetup-cache-allocator-block-size=4194304"
    "memorysetup-typetree-allocator-block-size=2097152"
    "memorysetup-profiler-bucket-allocator-granularity=16"
    "memorysetup-profiler-bucket-allocator-bucket-count=8"
    "memorysetup-profiler-bucket-allocator-block-size=33554432"
    "memorysetup-profiler-bucket-allocator-block-count=8"
    "memorysetup-profiler-allocator-block-size=16777216"
    "memorysetup-profiler-editor-allocator-block-size=1048576"
    "memorysetup-temp-allocator-size-main=16777216"
    "memorysetup-job-temp-allocator-block-size=2097152"
    "memorysetup-job-temp-allocator-block-size-background=1048576"
    "memorysetup-job-temp-allocator-reduction-small-platforms=262144"
    "memorysetup-temp-allocator-size-background-worker=32768"
    "memorysetup-temp-allocator-size-job-worker=262144"
    "memorysetup-temp-allocator-size-preload-manager=33554432"
    "memorysetup-temp-allocator-size-nav-mesh-worker=65536"
    "memorysetup-temp-allocator-size-audio-worker=65536"
    "memorysetup-temp-allocator-size-cloud-worker=32768"
    "memorysetup-temp-allocator-size-gi-baking-worker=262144"
    "memorysetup-temp-allocator-size-gfx=262144"
Player connection [18884] Host "[IP] 25.18.146.249 [Port] 0 [Flags] 2 [Guid] 3538310586 [EditorId] 3538310586 [Version] 1048832 [Id] WindowsEditor(7,DESKTOP-CQ1AACS) [Debug] 1 [PackageName] WindowsEditor [ProjectName] Editor" joined multi-casting on [225.0.0.222:54997]...

Player connection [18884] Host "[IP] 25.18.146.249 [Port] 0 [Flags] 2 [Guid] 3538310586 [EditorId] 3538310586 [Version] 1048832 [Id] WindowsEditor(7,DESKTOP-CQ1AACS) [Debug] 1 [PackageName] WindowsEditor [ProjectName] Editor" joined alternative multi-casting on [225.0.0.222:34997]...

Refreshing native plugins compatible for Editor in 71.54 ms, found 4 plugins.
Preloading 0 native plugins for Editor in 0.00 ms.
Initialize engine version: 2021.3.20f1 (577897200b8b)
[Subsystems] Discovering subsystems at path D:/unitydownload/2021.3.20f1/Editor/Data/Resources/UnitySubsystems
[Subsystems] Discovering subsystems at path D:/unitydownload/20240429/Udemy/2DRPGGame/2DRPGUdemyGame/Assets
GfxDevice: creating device client; threaded=0; jobified=0
Direct3D:
    Version:  Direct3D 11.0 [level 11.1]
    Renderer: NVIDIA GeForce RTX 3060 (ID=0x2504)
    Vendor:   NVIDIA
    VRAM:     12115 MB
    Driver:   31.0.15.5222
Initialize mono
Mono path[0] = 'D:/unitydownload/2021.3.20f1/Editor/Data/Managed'
Mono path[1] = 'D:/unitydownload/2021.3.20f1/Editor/Data/MonoBleedingEdge/lib/mono/unityjit-win32'
Mono config path = 'D:/unitydownload/2021.3.20f1/Editor/Data/MonoBleedingEdge/etc'
Using monoOptions --debugger-agent=transport=dt_socket,embedding=1,server=y,suspend=n,address=127.0.0.1:56076
Begin MonoManager ReloadAssembly
Registering precompiled unity dll's ...
Register platform support module: D:/unitydownload/2021.3.20f1/Editor/Data/PlaybackEngines/WebGLSupport/UnityEditor.WebGL.Extensions.dll
Register platform support module: D:/unitydownload/2021.3.20f1/Editor/Data/PlaybackEngines/WindowsStandaloneSupport/UnityEditor.WindowsStandalone.Extensions.dll
Registered in 0.001417 seconds.
Native extension for WindowsStandalone target not found
Native extension for WebGL target not found
Refreshing native plugins compatible for Editor in 54.23 ms, found 4 plugins.
Preloading 0 native plugins for Editor in 0.00 ms.
Mono: successfully reloaded assembly
- Completed reload, in  0.391 seconds
Domain Reload Profiling:
	ReloadAssembly (391ms)
		BeginReloadAssembly (58ms)
			ExecutionOrderSort (0ms)
			DisableScriptedObjects (0ms)
			BackupInstance (0ms)
			ReleaseScriptingObjects (0ms)
			CreateAndSetChildDomain (1ms)
		EndReloadAssembly (278ms)
			LoadAssemblies (57ms)
			RebuildTransferFunctionScriptingTraits (0ms)
			SetupTypeCache (66ms)
			ReleaseScriptCaches (0ms)
			RebuildScriptCaches (17ms)
			SetupLoadedEditorAssemblies (165ms)
				LogAssemblyErrors (0ms)
				InitializePlatformSupportModulesInManaged (5ms)
				SetLoadedEditorAssemblies (0ms)
				RefreshPlugins (54ms)
				BeforeProcessingInitializeOnLoad (1ms)
				ProcessInitializeOnLoadAttributes (77ms)
				ProcessInitializeOnLoadMethodAttributes (28ms)
				AfterProcessingInitializeOnLoad (0ms)
				EditorAssembliesLoaded (0ms)
			ExecutionOrderSort2 (0ms)
			AwakeInstancesAfterBackupRestoration (0ms)
Platform modules already initialized, skipping
Registering precompiled user dll's ...
Registered in 0.002387 seconds.
Begin MonoManager ReloadAssembly
Symbol file LoadedFromMemory doesn't match image D:\unitydownload\20240429\Udemy\2DRPGGame\2DRPGUdemyGame\Library\PackageCache\com.unity.visualscripting@1.8.0\Editor\VisualScripting.Core\Dependencies\YamlDotNet\Unity.VisualScripting.YamlDotNet.dll
Symbol file LoadedFromMemory doesn't match image D:\unitydownload\20240429\Udemy\2DRPGGame\2DRPGUdemyGame\Library\PackageCache\com.unity.visualscripting@1.8.0\Editor\VisualScripting.Core\Dependencies\DotNetZip\Unity.VisualScripting.IonicZip.dll
Native extension for WindowsStandalone target not found
Native extension for WebGL target not found
Refreshing native plugins compatible for Editor in 69.56 ms, found 4 plugins.
Preloading 0 native plugins for Editor in 0.00 ms.
Mono: successfully reloaded assembly
- Completed reload, in  0.857 seconds
Domain Reload Profiling:
	ReloadAssembly (857ms)
		BeginReloadAssembly (74ms)
			ExecutionOrderSort (0ms)
			DisableScriptedObjects (3ms)
			BackupInstance (0ms)
			ReleaseScriptingObjects (0ms)
			CreateAndSetChildDomain (12ms)
		EndReloadAssembly (695ms)
			LoadAssemblies (77ms)
			RebuildTransferFunctionScriptingTraits (0ms)
			SetupTypeCache (209ms)
			ReleaseScriptCaches (0ms)
			RebuildScriptCaches (46ms)
			SetupLoadedEditorAssemblies (321ms)
				LogAssemblyErrors (0ms)
				InitializePlatformSupportModulesInManaged (4ms)
				SetLoadedEditorAssemblies (0ms)
				RefreshPlugins (70ms)
				BeforeProcessingInitializeOnLoad (50ms)
				ProcessInitializeOnLoadAttributes (158ms)
				ProcessInitializeOnLoadMethodAttributes (38ms)
				AfterProcessingInitializeOnLoad (1ms)
				EditorAssembliesLoaded (0ms)
			ExecutionOrderSort2 (0ms)
			AwakeInstancesAfterBackupRestoration (6ms)
Platform modules already initialized, skipping
========================================================================
Worker process is ready to serve import requests
Launched and connected shader compiler UnityShaderCompiler.exe after 0.03 seconds
Refreshing native plugins compatible for Editor in 0.48 ms, found 4 plugins.
Preloading 0 native plugins for Editor in 0.00 ms.
Unloading 3747 Unused Serialized files (Serialized files now loaded: 0)
Unloading 35 unused Assets / (56.1 KB). Loaded Objects now: 4206.
Memory consumption went from 142.9 MB to 142.8 MB.
Total: 2.095200 ms (FindLiveObjects: 0.180100 ms CreateObjectMapping: 0.081700 ms MarkObjects: 1.780900 ms  DeleteObjects: 0.052000 ms)

AssetImportParameters requested are different than current active one (requested -> active):
  custom:video-decoder-ogg-theora: a1e56fd34408186e4bbccfd4996cb3dc -> 
  custom:container-muxer-webm: aa71ff27fc2769a1b78a27578f13a17b -> 
  custom:container-demuxer-webm: 4f35f7cbe854078d1ac9338744f61a02 -> 
  custom:video-encoder-webm-vp8: eb34c28f22e8b96e1ab97ce403110664 -> 
  custom:audio-encoder-webm-vorbis: bf7c407c2cedff20999df2af8eb42d56 -> 
  custom:framework-win-MediaFoundation: 216162199b28c13a410421893ffa2e32 -> 
  custom:container-demuxer-ogg: 62fdf1f143b41e24485cea50d1cbac27 -> 
  custom:video-decoder-webm-vp8: 9c59270c3fd7afecdb556c50c9e8de78 -> 
  custom:audio-decoder-ogg-vorbis: bf7c407c2cedff20999df2af8eb42d56 -> 
========================================================================
Received Import Request.
  Time since last request: 35111.854788 seconds.
  path: Assets/Graphics/Surroundings/Medieval_Castle/Tiles/Tile Assets
  artifactKey: Guid(9c3d90c472a519148a6373216289e7f0) Importer(815301076,1909f56bfc062723c751e8b465ee728b)
Start importing Assets/Graphics/Surroundings/Medieval_Castle/Tiles/Tile Assets using Guid(9c3d90c472a519148a6373216289e7f0) Importer(815301076,1909f56bfc062723c751e8b465ee728b)  -> (artifact id: '7f315b4be847a601d5ff157b39bed0e8') in 0.014652 seconds 
========================================================================
Received Import Request.
  Time since last request: 0.053300 seconds.
  path: Assets/Graphics/Surroundings/Medieval_Castle/Tiles/Tile Assets/Tile Set.prefab
  artifactKey: Guid(9a87f69eeb97f7c468ad6c48409715a2) Importer(815301076,1909f56bfc062723c751e8b465ee728b)
Start importing Assets/Graphics/Surroundings/Medieval_Castle/Tiles/Tile Assets/Tile Set.prefab using Guid(9a87f69eeb97f7c468ad6c48409715a2) Importer(815301076,1909f56bfc062723c751e8b465ee728b)  -> (artifact id: 'e56b964de98de2f7c0eb72987dc88470') in 0.084411 seconds 
========================================================================
Received Import Request.
  Time since last request: 7.219712 seconds.
  path: Assets/Graphics/Surroundings/Medieval_Castle/Tiles/floor_tile_carpet_corner_right.png
  artifactKey: Guid(a20a063dcf71dda499e2dbe79c1dcc96) Importer(815301076,1909f56bfc062723c751e8b465ee728b)
Start importing Assets/Graphics/Surroundings/Medieval_Castle/Tiles/floor_tile_carpet_corner_right.png using Guid(a20a063dcf71dda499e2dbe79c1dcc96) Importer(815301076,1909f56bfc062723c751e8b465ee728b)  -> (artifact id: '61647c63cab74266a5e9cfba4a47175a') in 0.067193 seconds 
========================================================================
Received Import Request.
  Time since last request: 0.000029 seconds.
  path: Assets/Graphics/Surroundings/Medieval_Castle/Tiles/floor_tile_wood_carpet_transition_2.png
  artifactKey: Guid(61c6ffbf4ec10284ca8b666a9112bf45) Importer(815301076,1909f56bfc062723c751e8b465ee728b)
Start importing Assets/Graphics/Surroundings/Medieval_Castle/Tiles/floor_tile_wood_carpet_transition_2.png using Guid(61c6ffbf4ec10284ca8b666a9112bf45) Importer(815301076,1909f56bfc062723c751e8b465ee728b)  -> (artifact id: 'd9c0b8906dfbed8095c1975e881bfa7b') in 0.023318 seconds 
========================================================================
Received Import Request.
  Time since last request: 0.000046 seconds.
  path: Assets/Graphics/Surroundings/Medieval_Castle/Tiles/floor_tile_carpet_transition_2.png
  artifactKey: Guid(6192cea30133ad343900062a8ae5c9fd) Importer(815301076,1909f56bfc062723c751e8b465ee728b)
Start importing Assets/Graphics/Surroundings/Medieval_Castle/Tiles/floor_tile_carpet_transition_2.png using Guid(6192cea30133ad343900062a8ae5c9fd) Importer(815301076,1909f56bfc062723c751e8b465ee728b)  -> (artifact id: 'f5cd15c0e5415e26ad2e6c100385b14f') in 0.023571 seconds 
========================================================================
Received Import Request.
  Time since last request: 0.000015 seconds.
  path: Assets/Graphics/Surroundings/Medieval_Castle/Tiles/floor_tile_wood_transition_2.png
  artifactKey: Guid(d3e6e897b9988194191f7e5c0aa1f3de) Importer(815301076,1909f56bfc062723c751e8b465ee728b)
Start importing Assets/Graphics/Surroundings/Medieval_Castle/Tiles/floor_tile_wood_transition_2.png using Guid(d3e6e897b9988194191f7e5c0aa1f3de) Importer(815301076,1909f56bfc062723c751e8b465ee728b)  -> (artifact id: 'd0d7988e1c7c57b9fdd42a28f080c751') in 0.017770 seconds 
========================================================================
Received Import Request.
  Time since last request: 0.000030 seconds.
  path: Assets/Graphics/Surroundings/Medieval_Castle/Tiles/floor_wood_3.png
  artifactKey: Guid(33670aaabecaca341967114438806ce5) Importer(815301076,1909f56bfc062723c751e8b465ee728b)
Start importing Assets/Graphics/Surroundings/Medieval_Castle/Tiles/floor_wood_3.png using Guid(33670aaabecaca341967114438806ce5) Importer(815301076,1909f56bfc062723c751e8b465ee728b)  -> (artifact id: 'ad9974af818f50161c46619d88983b34') in 0.024827 seconds 
========================================================================
Received Import Request.
  Time since last request: 0.000035 seconds.
  path: Assets/Graphics/Surroundings/Medieval_Castle/Tiles/floor_tile_corner_left.png
  artifactKey: Guid(3539b4b39687ca449abfabfc2c4fc844) Importer(815301076,1909f56bfc062723c751e8b465ee728b)
Start importing Assets/Graphics/Surroundings/Medieval_Castle/Tiles/floor_tile_corner_left.png using Guid(3539b4b39687ca449abfabfc2c4fc844) Importer(815301076,1909f56bfc062723c751e8b465ee728b)  -> (artifact id: 'f8f784d5f25accb90eb6f2d1ae62a27a') in 0.022317 seconds 
========================================================================
Received Import Request.
  Time since last request: 0.000022 seconds.
  path: Assets/Graphics/Surroundings/Medieval_Castle/Tiles/floor_wood_4.png
  artifactKey: Guid(80f9ef17abe22504cac3f7a5fb835db9) Importer(815301076,1909f56bfc062723c751e8b465ee728b)
Start importing Assets/Graphics/Surroundings/Medieval_Castle/Tiles/floor_wood_4.png using Guid(80f9ef17abe22504cac3f7a5fb835db9) Importer(815301076,1909f56bfc062723c751e8b465ee728b)  -> (artifact id: '728f6af7affeebc61fc00eed39e1859d') in 0.021288 seconds 
========================================================================
Received Import Request.
  Time since last request: 0.000027 seconds.
  path: Assets/Graphics/Surroundings/Medieval_Castle/Tiles/floor_wood_carpet_2.png
  artifactKey: Guid(586d33d84cdf68245becf72eadd41656) Importer(815301076,1909f56bfc062723c751e8b465ee728b)
Start importing Assets/Graphics/Surroundings/Medieval_Castle/Tiles/floor_wood_carpet_2.png using Guid(586d33d84cdf68245becf72eadd41656) Importer(815301076,1909f56bfc062723c751e8b465ee728b)  -> (artifact id: 'ee0705aa3b54ed1a6d18c18488634745') in 0.017879 seconds 
========================================================================
Received Import Request.
  Time since last request: 0.000034 seconds.
  path: Assets/Graphics/Surroundings/Medieval_Castle/Tiles/floor_wood_carpet_corner_left.png
  artifactKey: Guid(e85acd94745a7a14baea98994f8261d3) Importer(815301076,1909f56bfc062723c751e8b465ee728b)
Start importing Assets/Graphics/Surroundings/Medieval_Castle/Tiles/floor_wood_carpet_corner_left.png using Guid(e85acd94745a7a14baea98994f8261d3) Importer(815301076,1909f56bfc062723c751e8b465ee728b)  -> (artifact id: 'fac19165166575f1baab5bf76341abef') in 0.027564 seconds 
========================================================================
Received Import Request.
  Time since last request: 0.000051 seconds.
  path: Assets/Graphics/Surroundings/Medieval_Castle/Tiles/floor_wood_carpet_transition_2.png
  artifactKey: Guid(073bbe473b3236b4093ae67caa1fdc1b) Importer(815301076,1909f56bfc062723c751e8b465ee728b)
Start importing Assets/Graphics/Surroundings/Medieval_Castle/Tiles/floor_wood_carpet_transition_2.png using Guid(073bbe473b3236b4093ae67caa1fdc1b) Importer(815301076,1909f56bfc062723c751e8b465ee728b)  -> (artifact id: 'ed5ae5e73fa5f19f23c21d63d2b4ae73') in 0.026232 seconds 
========================================================================
Received Import Request.
  Time since last request: 0.000034 seconds.
  path: Assets/Graphics/Surroundings/Medieval_Castle/Tiles/lion_column_3.png
  artifactKey: Guid(67db3e7628870614fb88d635e819a010) Importer(815301076,1909f56bfc062723c751e8b465ee728b)
Start importing Assets/Graphics/Surroundings/Medieval_Castle/Tiles/lion_column_3.png using Guid(67db3e7628870614fb88d635e819a010) Importer(815301076,1909f56bfc062723c751e8b465ee728b)  -> (artifact id: '74ed33e9a78e3e2ded474bb19ffe679e') in 0.027457 seconds 
========================================================================
Received Import Request.
  Time since last request: 0.000080 seconds.
  path: Assets/Graphics/Surroundings/Medieval_Castle/Tiles/lion_column_2.png
  artifactKey: Guid(744dbe626ed63d4459752bad264adc73) Importer(815301076,1909f56bfc062723c751e8b465ee728b)
Start importing Assets/Graphics/Surroundings/Medieval_Castle/Tiles/lion_column_2.png using Guid(744dbe626ed63d4459752bad264adc73) Importer(815301076,1909f56bfc062723c751e8b465ee728b)  -> (artifact id: 'f8188d32c1b6c10b27312066ab2fd6aa') in 0.033021 seconds 
========================================================================
Received Import Request.
  Time since last request: 0.000030 seconds.
  path: Assets/Graphics/Surroundings/Medieval_Castle/Tiles/lion_column_1.png
  artifactKey: Guid(71ee4a1119a06ef4fb0108c30f743247) Importer(815301076,1909f56bfc062723c751e8b465ee728b)
Start importing Assets/Graphics/Surroundings/Medieval_Castle/Tiles/lion_column_1.png using Guid(71ee4a1119a06ef4fb0108c30f743247) Importer(815301076,1909f56bfc062723c751e8b465ee728b)  -> (artifact id: '87addd2230b2a5c3e61b7acb8a380b18') in 0.022981 seconds 
========================================================================
Received Import Request.
  Time since last request: 0.000028 seconds.
  path: Assets/Graphics/Surroundings/Medieval_Castle/Tiles/floor_wood_1.png
  artifactKey: Guid(840dbd00375d02646b8d5128da6bb675) Importer(815301076,1909f56bfc062723c751e8b465ee728b)
Start importing Assets/Graphics/Surroundings/Medieval_Castle/Tiles/floor_wood_1.png using Guid(840dbd00375d02646b8d5128da6bb675) Importer(815301076,1909f56bfc062723c751e8b465ee728b)  -> (artifact id: 'bebf1412485f068e8ba692e023753729') in 0.021798 seconds 
========================================================================
Received Import Request.
  Time since last request: 0.000038 seconds.
  path: Assets/Graphics/Surroundings/Medieval_Castle/Tiles/floor_wood_carpet_3.png
  artifactKey: Guid(34fe723aaf53f1c449c1111a81106b92) Importer(815301076,1909f56bfc062723c751e8b465ee728b)
Start importing Assets/Graphics/Surroundings/Medieval_Castle/Tiles/floor_wood_carpet_3.png using Guid(34fe723aaf53f1c449c1111a81106b92) Importer(815301076,1909f56bfc062723c751e8b465ee728b)  -> (artifact id: '6a6f0ee052c3bd5656d3c4d5a63c47f0') in 0.022458 seconds 
========================================================================
Received Import Request.
  Time since last request: 0.000025 seconds.
  path: Assets/Graphics/Surroundings/Medieval_Castle/Tiles/lion_column_7.png
  artifactKey: Guid(98a452a7bd35cb14ebf5498a7905a505) Importer(815301076,1909f56bfc062723c751e8b465ee728b)
Start importing Assets/Graphics/Surroundings/Medieval_Castle/Tiles/lion_column_7.png using Guid(98a452a7bd35cb14ebf5498a7905a505) Importer(815301076,1909f56bfc062723c751e8b465ee728b)  -> (artifact id: 'b8296e304d547464ed80ad522f671b3d') in 0.022619 seconds 
========================================================================
Received Import Request.
  Time since last request: 0.000065 seconds.
  path: Assets/Graphics/Surroundings/Medieval_Castle/Tiles/lion_column_8.png
  artifactKey: Guid(f7a57042f2dc3a84195ce2050e5f2b90) Importer(815301076,1909f56bfc062723c751e8b465ee728b)
Start importing Assets/Graphics/Surroundings/Medieval_Castle/Tiles/lion_column_8.png using Guid(f7a57042f2dc3a84195ce2050e5f2b90) Importer(815301076,1909f56bfc062723c751e8b465ee728b)  -> (artifact id: 'c6212126cd7de040d265fac3b8f5ed4b') in 0.024906 seconds 
========================================================================
Received Import Request.
  Time since last request: 0.000023 seconds.
  path: Assets/Graphics/Surroundings/Medieval_Castle/Tiles/lion_column_9.png
  artifactKey: Guid(bbf9cecbeff3c7242acd0438b953ce1d) Importer(815301076,1909f56bfc062723c751e8b465ee728b)
Start importing Assets/Graphics/Surroundings/Medieval_Castle/Tiles/lion_column_9.png using Guid(bbf9cecbeff3c7242acd0438b953ce1d) Importer(815301076,1909f56bfc062723c751e8b465ee728b)  -> (artifact id: 'f8d675997ce83d3ea80282cf6699a810') in 0.027110 seconds 
========================================================================
Received Import Request.
  Time since last request: 0.000044 seconds.
  path: Assets/Graphics/Surroundings/Medieval_Castle/Tiles/lion_column_11.png
  artifactKey: Guid(96f86ec1817e57e45a8c780bc79539ed) Importer(815301076,1909f56bfc062723c751e8b465ee728b)
Start importing Assets/Graphics/Surroundings/Medieval_Castle/Tiles/lion_column_11.png using Guid(96f86ec1817e57e45a8c780bc79539ed) Importer(815301076,1909f56bfc062723c751e8b465ee728b)  -> (artifact id: '8b331f4b6b839c0aff8a6d774cd210a8') in 0.065712 seconds 
========================================================================
Received Import Request.
  Time since last request: 0.048145 seconds.
  path: Assets/Graphics/Surroundings/Medieval_Castle/Tiles/merlons_2.png
  artifactKey: Guid(14cbdc0474fdf5042992e199b73e4b55) Importer(815301076,1909f56bfc062723c751e8b465ee728b)
Start importing Assets/Graphics/Surroundings/Medieval_Castle/Tiles/merlons_2.png using Guid(14cbdc0474fdf5042992e199b73e4b55) Importer(815301076,1909f56bfc062723c751e8b465ee728b)  -> (artifact id: 'd05bbd1ec4a181209653336092f1c103') in 0.020940 seconds 
========================================================================
Received Import Request.
  Time since last request: 0.021880 seconds.
  path: Assets/Graphics/Surroundings/Medieval_Castle/Tiles/merlons_5.png
  artifactKey: Guid(ce749e57559d17941a1f245b88463826) Importer(815301076,1909f56bfc062723c751e8b465ee728b)
Start importing Assets/Graphics/Surroundings/Medieval_Castle/Tiles/merlons_5.png using Guid(ce749e57559d17941a1f245b88463826) Importer(815301076,1909f56bfc062723c751e8b465ee728b)  -> (artifact id: 'fbd80afb2d1ff0c69d1b1393ecd73e49') in 0.020200 seconds 
========================================================================
Received Import Request.
  Time since last request: 0.000021 seconds.
  path: Assets/Graphics/Surroundings/Medieval_Castle/Tiles/platform_2.png
  artifactKey: Guid(47984579255a14f4187499e8cd718346) Importer(815301076,1909f56bfc062723c751e8b465ee728b)
Start importing Assets/Graphics/Surroundings/Medieval_Castle/Tiles/platform_2.png using Guid(47984579255a14f4187499e8cd718346) Importer(815301076,1909f56bfc062723c751e8b465ee728b)  -> (artifact id: '3da743d7fe950e9ee06b752c3b1c539b') in 0.018683 seconds 
========================================================================
Received Import Request.
  Time since last request: 0.071874 seconds.
  path: Assets/Graphics/Surroundings/Medieval_Castle/Tiles/platform_3.png
  artifactKey: Guid(8264cbb342b60cc4487e86479494a5f7) Importer(815301076,1909f56bfc062723c751e8b465ee728b)
Start importing Assets/Graphics/Surroundings/Medieval_Castle/Tiles/platform_3.png using Guid(8264cbb342b60cc4487e86479494a5f7) Importer(815301076,1909f56bfc062723c751e8b465ee728b)  -> (artifact id: '607ce50da84786a191e5742bf1388c04') in 0.028328 seconds 
========================================================================
Received Import Request.
  Time since last request: 0.000021 seconds.
  path: Assets/Graphics/Surroundings/Medieval_Castle/Tiles/platform_wall_connection_right.png
  artifactKey: Guid(c5ddb9d64dd94a5449d90ab2f6fdc424) Importer(815301076,1909f56bfc062723c751e8b465ee728b)
Start importing Assets/Graphics/Surroundings/Medieval_Castle/Tiles/platform_wall_connection_right.png using Guid(c5ddb9d64dd94a5449d90ab2f6fdc424) Importer(815301076,1909f56bfc062723c751e8b465ee728b)  -> (artifact id: '14bebbacf6c118dbf798d044be3c4a40') in 0.027643 seconds 
========================================================================
Received Import Request.
  Time since last request: 0.000030 seconds.
  path: Assets/Graphics/Surroundings/Medieval_Castle/Tiles/stairs_tile_2.png
  artifactKey: Guid(cf9f2c27f2f7383459c02f19e52d39f6) Importer(815301076,1909f56bfc062723c751e8b465ee728b)
Start importing Assets/Graphics/Surroundings/Medieval_Castle/Tiles/stairs_tile_2.png using Guid(cf9f2c27f2f7383459c02f19e52d39f6) Importer(815301076,1909f56bfc062723c751e8b465ee728b)  -> (artifact id: 'ae60c4da621be9d0af55c6e75a7e8970') in 0.026307 seconds 
========================================================================
Received Import Request.
  Time since last request: 0.000021 seconds.
  path: Assets/Graphics/Surroundings/Medieval_Castle/Tiles/stairs_tile_3.png
  artifactKey: Guid(a69dfd6837e47f54297b68b9cb21a738) Importer(815301076,1909f56bfc062723c751e8b465ee728b)
Start importing Assets/Graphics/Surroundings/Medieval_Castle/Tiles/stairs_tile_3.png using Guid(a69dfd6837e47f54297b68b9cb21a738) Importer(815301076,1909f56bfc062723c751e8b465ee728b)  -> (artifact id: 'e122a93a65f19d25acb08abe89930546') in 0.025532 seconds 
========================================================================
Received Import Request.
  Time since last request: 0.000027 seconds.
  path: Assets/Graphics/Surroundings/Medieval_Castle/Tiles/stairs_tile_carpet_2.png
  artifactKey: Guid(a275e35e61d96154ea471a1e47e0fb36) Importer(815301076,1909f56bfc062723c751e8b465ee728b)
Start importing Assets/Graphics/Surroundings/Medieval_Castle/Tiles/stairs_tile_carpet_2.png using Guid(a275e35e61d96154ea471a1e47e0fb36) Importer(815301076,1909f56bfc062723c751e8b465ee728b)  -> (artifact id: '51baf8704f7818827c6d72adcfcda37b') in 0.022798 seconds 
========================================================================
Received Import Request.
  Time since last request: 0.000045 seconds.
  path: Assets/Graphics/Surroundings/Medieval_Castle/Tiles/stairs_tile_carpet_1.png
  artifactKey: Guid(712e04ee666109b4c95196222d1cd5b4) Importer(815301076,1909f56bfc062723c751e8b465ee728b)
Start importing Assets/Graphics/Surroundings/Medieval_Castle/Tiles/stairs_tile_carpet_1.png using Guid(712e04ee666109b4c95196222d1cd5b4) Importer(815301076,1909f56bfc062723c751e8b465ee728b)  -> (artifact id: 'ce9d8c122213cfa53fa722513ca32371') in 0.028795 seconds 
========================================================================
Received Import Request.
  Time since last request: 0.000019 seconds.
  path: Assets/Graphics/Surroundings/Medieval_Castle/Tiles/stairs_tile_4.png
  artifactKey: Guid(ca516cb029cd96f48b0141b2fabfd1bc) Importer(815301076,1909f56bfc062723c751e8b465ee728b)
Start importing Assets/Graphics/Surroundings/Medieval_Castle/Tiles/stairs_tile_4.png using Guid(ca516cb029cd96f48b0141b2fabfd1bc) Importer(815301076,1909f56bfc062723c751e8b465ee728b)  -> (artifact id: 'be139a968c336b80a6903d5c91f315e7') in 0.020625 seconds 
========================================================================
Received Import Request.
  Time since last request: 0.015841 seconds.
  path: Assets/Graphics/Surroundings/Medieval_Castle/Tiles/stairs_wood_2.png
  artifactKey: Guid(f6a5c62de7f12ad4cb0a7ff8a5e6297a) Importer(815301076,1909f56bfc062723c751e8b465ee728b)
Start importing Assets/Graphics/Surroundings/Medieval_Castle/Tiles/stairs_wood_2.png using Guid(f6a5c62de7f12ad4cb0a7ff8a5e6297a) Importer(815301076,1909f56bfc062723c751e8b465ee728b)  -> (artifact id: 'cbd0bcd77e665741373885516958fb5e') in 0.020367 seconds 
========================================================================
Received Import Request.
  Time since last request: 0.000957 seconds.
  path: Assets/Graphics/Surroundings/Medieval_Castle/Tiles/stairs_wood_carpet_1.png
  artifactKey: Guid(8e0a2e874977df64298e6adf2b2bb003) Importer(815301076,1909f56bfc062723c751e8b465ee728b)
Start importing Assets/Graphics/Surroundings/Medieval_Castle/Tiles/stairs_wood_carpet_1.png using Guid(8e0a2e874977df64298e6adf2b2bb003) Importer(815301076,1909f56bfc062723c751e8b465ee728b)  -> (artifact id: 'c6bf078f087b097624823861b65d5ed9') in 0.029426 seconds 
========================================================================
Received Import Request.
  Time since last request: 0.000031 seconds.
  path: Assets/Graphics/Surroundings/Medieval_Castle/Tiles/stairs_wood_carpet_3.png
  artifactKey: Guid(69b7457373e180f4fbe7fa359a656a99) Importer(815301076,1909f56bfc062723c751e8b465ee728b)
Start importing Assets/Graphics/Surroundings/Medieval_Castle/Tiles/stairs_wood_carpet_3.png using Guid(69b7457373e180f4fbe7fa359a656a99) Importer(815301076,1909f56bfc062723c751e8b465ee728b)  -> (artifact id: '1cce06b29675252a5d5325182e96352c') in 0.023142 seconds 
========================================================================
Received Import Request.
  Time since last request: 0.000029 seconds.
  path: Assets/Graphics/Surroundings/Medieval_Castle/Tiles/tile_side_left.png
  artifactKey: Guid(e5db2e6269cab6942b3c1a074c187b31) Importer(815301076,1909f56bfc062723c751e8b465ee728b)
Start importing Assets/Graphics/Surroundings/Medieval_Castle/Tiles/tile_side_left.png using Guid(e5db2e6269cab6942b3c1a074c187b31) Importer(815301076,1909f56bfc062723c751e8b465ee728b)  -> (artifact id: 'a670d1634d48b2901f30214c460aabbf') in 0.023955 seconds 
========================================================================
Received Import Request.
  Time since last request: 0.079857 seconds.
  path: Assets/Graphics/Surroundings/Medieval_Castle/Tiles/wall_1.png
  artifactKey: Guid(d6625cc0f8b24574aa9876f246638bd8) Importer(815301076,1909f56bfc062723c751e8b465ee728b)
Start importing Assets/Graphics/Surroundings/Medieval_Castle/Tiles/wall_1.png using Guid(d6625cc0f8b24574aa9876f246638bd8) Importer(815301076,1909f56bfc062723c751e8b465ee728b)  -> (artifact id: 'b70722265fd382d50ca30e0864663004') in 0.021981 seconds 
========================================================================
Received Import Request.
  Time since last request: 0.000034 seconds.
  path: Assets/Graphics/Surroundings/Medieval_Castle/Tiles/wall_6.png
  artifactKey: Guid(586cf872d1c8fb9488c2e1ff49527a7d) Importer(815301076,1909f56bfc062723c751e8b465ee728b)
Start importing Assets/Graphics/Surroundings/Medieval_Castle/Tiles/wall_6.png using Guid(586cf872d1c8fb9488c2e1ff49527a7d) Importer(815301076,1909f56bfc062723c751e8b465ee728b)  -> (artifact id: '748c20d2478a34eaa5ae3df1d56642d9') in 0.022811 seconds 
========================================================================
Received Import Request.
  Time since last request: 0.000034 seconds.
  path: Assets/Graphics/Surroundings/Medieval_Castle/Tiles/wall_3.png
  artifactKey: Guid(31bf658f91ee0a3448193b48f80b7503) Importer(815301076,1909f56bfc062723c751e8b465ee728b)
Start importing Assets/Graphics/Surroundings/Medieval_Castle/Tiles/wall_3.png using Guid(31bf658f91ee0a3448193b48f80b7503) Importer(815301076,1909f56bfc062723c751e8b465ee728b)  -> (artifact id: '4ba6cb97d667891d7faa8c5dbe387284') in 0.020738 seconds 
========================================================================
Received Import Request.
  Time since last request: 0.000017 seconds.
  path: Assets/Graphics/Surroundings/Medieval_Castle/Tiles/wall_9.png
  artifactKey: Guid(4fcf943f37827b240b199bbd13b49c6a) Importer(815301076,1909f56bfc062723c751e8b465ee728b)
Start importing Assets/Graphics/Surroundings/Medieval_Castle/Tiles/wall_9.png using Guid(4fcf943f37827b240b199bbd13b49c6a) Importer(815301076,1909f56bfc062723c751e8b465ee728b)  -> (artifact id: '211188e0c7306c39092102f501c247b4') in 0.020110 seconds 
========================================================================
Received Import Request.
  Time since last request: 0.000019 seconds.
  path: Assets/Graphics/Surroundings/Medieval_Castle/Tiles/wall_7.png
  artifactKey: Guid(dcaf597846903e54b91fde9ac0beef4c) Importer(815301076,1909f56bfc062723c751e8b465ee728b)
Start importing Assets/Graphics/Surroundings/Medieval_Castle/Tiles/wall_7.png using Guid(dcaf597846903e54b91fde9ac0beef4c) Importer(815301076,1909f56bfc062723c751e8b465ee728b)  -> (artifact id: 'd65f6bc1e0608b3d38590a89b8cddec2') in 0.017341 seconds 
========================================================================
Received Import Request.
  Time since last request: 0.097324 seconds.
  path: Assets/Graphics/Surroundings/Medieval_Castle/Tiles/wall_10.png
  artifactKey: Guid(2f207e3ad6ac13c49aa6ff7e5969f89e) Importer(815301076,1909f56bfc062723c751e8b465ee728b)
Start importing Assets/Graphics/Surroundings/Medieval_Castle/Tiles/wall_10.png using Guid(2f207e3ad6ac13c49aa6ff7e5969f89e) Importer(815301076,1909f56bfc062723c751e8b465ee728b)  -> (artifact id: '09e53aa4dd68f5c132b66d0447730443') in 0.022712 seconds 
========================================================================
Received Import Request.
  Time since last request: 0.000018 seconds.
  path: Assets/Graphics/Surroundings/Medieval_Castle/Tiles/wall_18.png
  artifactKey: Guid(9323070afcf6e4b468d5784b7f7c3d8b) Importer(815301076,1909f56bfc062723c751e8b465ee728b)
Start importing Assets/Graphics/Surroundings/Medieval_Castle/Tiles/wall_18.png using Guid(9323070afcf6e4b468d5784b7f7c3d8b) Importer(815301076,1909f56bfc062723c751e8b465ee728b)  -> (artifact id: 'c6a03f5842dfa2111e71fe6efb171573') in 0.055603 seconds 
========================================================================
Received Import Request.
  Time since last request: 0.000038 seconds.
  path: Assets/Graphics/Surroundings/Medieval_Castle/Tiles/window_big_6.png
  artifactKey: Guid(4e3022ab0a03c124baf4a1ee9c5f570e) Importer(815301076,1909f56bfc062723c751e8b465ee728b)
Start importing Assets/Graphics/Surroundings/Medieval_Castle/Tiles/window_big_6.png using Guid(4e3022ab0a03c124baf4a1ee9c5f570e) Importer(815301076,1909f56bfc062723c751e8b465ee728b)  -> (artifact id: '09a97be20a6f5b014cbd8dd99c319b06') in 0.022527 seconds 
========================================================================
Received Import Request.
  Time since last request: 0.000037 seconds.
  path: Assets/Graphics/Surroundings/Medieval_Castle/Tiles/window_glass_1.png
  artifactKey: Guid(485c561ad0eb6314ea0246a50cd4ef4b) Importer(815301076,1909f56bfc062723c751e8b465ee728b)
Start importing Assets/Graphics/Surroundings/Medieval_Castle/Tiles/window_glass_1.png using Guid(485c561ad0eb6314ea0246a50cd4ef4b) Importer(815301076,1909f56bfc062723c751e8b465ee728b)  -> (artifact id: 'f76e2d98e894971fb41d9e4fe99f3b43') in 0.020761 seconds 
========================================================================
Received Import Request.
  Time since last request: 0.000025 seconds.
  path: Assets/Graphics/Surroundings/Medieval_Castle/Tiles/wall_13.png
  artifactKey: Guid(8bb6711784f56474d876aed781f4a6b5) Importer(815301076,1909f56bfc062723c751e8b465ee728b)
Start importing Assets/Graphics/Surroundings/Medieval_Castle/Tiles/wall_13.png using Guid(8bb6711784f56474d876aed781f4a6b5) Importer(815301076,1909f56bfc062723c751e8b465ee728b)  -> (artifact id: 'b8018dcff22adbe325811f1427e94396') in 0.022293 seconds 
========================================================================
Received Import Request.
  Time since last request: 0.000033 seconds.
  path: Assets/Graphics/Surroundings/Medieval_Castle/Tiles/window_glass_tall_1.png
  artifactKey: Guid(2030536263aad6843bd8ef5de4f6e746) Importer(815301076,1909f56bfc062723c751e8b465ee728b)
Start importing Assets/Graphics/Surroundings/Medieval_Castle/Tiles/window_glass_tall_1.png using Guid(2030536263aad6843bd8ef5de4f6e746) Importer(815301076,1909f56bfc062723c751e8b465ee728b)  -> (artifact id: 'cdd6f8ca77a6e4cfc6304df475352b08') in 0.021343 seconds 
========================================================================
Received Import Request.
  Time since last request: 0.000057 seconds.
  path: Assets/Graphics/Surroundings/Medieval_Castle/Tiles/window_big_1.png
  artifactKey: Guid(f394e73efc6131b4c98282f029586f39) Importer(815301076,1909f56bfc062723c751e8b465ee728b)
Start importing Assets/Graphics/Surroundings/Medieval_Castle/Tiles/window_big_1.png using Guid(f394e73efc6131b4c98282f029586f39) Importer(815301076,1909f56bfc062723c751e8b465ee728b)  -> (artifact id: '664b4bfea6efe36def64837f6965f8b4') in 0.024062 seconds 
========================================================================
Received Import Request.
  Time since last request: 0.000036 seconds.
  path: Assets/Graphics/Surroundings/Medieval_Castle/Tiles/wall_17.png
  artifactKey: Guid(0f491d38c2652ec4d9a5b12d04ce685e) Importer(815301076,1909f56bfc062723c751e8b465ee728b)
Start importing Assets/Graphics/Surroundings/Medieval_Castle/Tiles/wall_17.png using Guid(0f491d38c2652ec4d9a5b12d04ce685e) Importer(815301076,1909f56bfc062723c751e8b465ee728b)  -> (artifact id: 'de4dbb0b1216a327da4a8f24f7698abc') in 0.023561 seconds 
========================================================================
Received Import Request.
  Time since last request: 0.000033 seconds.
  path: Assets/Graphics/Surroundings/Medieval_Castle/Tiles/window_glass_tall_3.png
  artifactKey: Guid(842c90d596abfb2419d2e90240b7ecda) Importer(815301076,1909f56bfc062723c751e8b465ee728b)
Start importing Assets/Graphics/Surroundings/Medieval_Castle/Tiles/window_glass_tall_3.png using Guid(842c90d596abfb2419d2e90240b7ecda) Importer(815301076,1909f56bfc062723c751e8b465ee728b)  -> (artifact id: '4f697a307812452d6a1946dcf881b753') in 0.022021 seconds 
========================================================================
Received Import Request.
  Time since last request: 0.000023 seconds.
  path: Assets/Graphics/Surroundings/Medieval_Castle/Tiles/window_tall_1.png
  artifactKey: Guid(b1df19b84f06d0247bc6554cab5a722a) Importer(815301076,1909f56bfc062723c751e8b465ee728b)
Start importing Assets/Graphics/Surroundings/Medieval_Castle/Tiles/window_tall_1.png using Guid(b1df19b84f06d0247bc6554cab5a722a) Importer(815301076,1909f56bfc062723c751e8b465ee728b)  -> (artifact id: 'd2035aa3d0cd45c5411271bff7b4adc7') in 0.026058 seconds 
========================================================================
Received Import Request.
  Time since last request: 0.000019 seconds.
  path: Assets/Graphics/Surroundings/Medieval_Castle/Tiles/window_small_2.png
  artifactKey: Guid(1d2573e5870e5d345b59f6bf93168139) Importer(815301076,1909f56bfc062723c751e8b465ee728b)
Start importing Assets/Graphics/Surroundings/Medieval_Castle/Tiles/window_small_2.png using Guid(1d2573e5870e5d345b59f6bf93168139) Importer(815301076,1909f56bfc062723c751e8b465ee728b)  -> (artifact id: 'abd6c00408dae7a257e011c5cebcab4a') in 0.018121 seconds 
========================================================================
Received Import Request.
  Time since last request: 0.000048 seconds.
  path: Assets/Graphics/Surroundings/Medieval_Castle/Tiles/window_small_1.png
  artifactKey: Guid(4df2887cd9a12244eafaca70b99ac147) Importer(815301076,1909f56bfc062723c751e8b465ee728b)
Start importing Assets/Graphics/Surroundings/Medieval_Castle/Tiles/window_small_1.png using Guid(4df2887cd9a12244eafaca70b99ac147) Importer(815301076,1909f56bfc062723c751e8b465ee728b)  -> (artifact id: '07a845b2c5f39adefc21faf90aed3c11') in 0.018817 seconds 
========================================================================
Received Import Request.
  Time since last request: 0.000031 seconds.
  path: Assets/Graphics/Surroundings/Medieval_Castle/Tiles/wall_16.png
  artifactKey: Guid(18716db091cc06946a65c28bf4c66eb2) Importer(815301076,1909f56bfc062723c751e8b465ee728b)
Start importing Assets/Graphics/Surroundings/Medieval_Castle/Tiles/wall_16.png using Guid(18716db091cc06946a65c28bf4c66eb2) Importer(815301076,1909f56bfc062723c751e8b465ee728b)  -> (artifact id: '356cdab5ab92e318322587d0fa3be2d5') in 0.019434 seconds 
Editor requested this worker to shutdown with reason: Scaling down because of idle timeout
AssetImportWorker is now disconnected from the server
Process exiting
Exiting without the bug reporter. Application will terminate with return code 0